{"level":"info","message":{"duration":"0.076ms","middleware":"ResponseTime","type":"middleware_perf"},"timestamp":"2026-01-11T00:26:36.018Z"}
{"level":"info","message":{"duration":"0.044ms","middleware":"Blacklist","type":"middleware_perf"},"timestamp":"2026-01-11T00:26:36.020Z"}
{"level":"info","message":{"duration":"0.041ms","middleware":"Logger","type":"middleware_perf"},"timestamp":"2026-01-11T00:26:36.020Z"}
{"extra":{"duration":"79.102ms","ip":"::1","method":"GET","statusCode":404,"url":"/redirect?x-api-key=hgtfgt","userAgent":"PostmanRuntime/7.51.0"},"level":"warn","message":"HTTP 404: GET /redirect?x-api-key=hgtfgt","timestamp":"2026-01-11T00:26:36.099Z"}
{"level":"info","message":{"duration":"0.024ms","middleware":"ResponseTime","type":"middleware_perf"},"timestamp":"2026-01-11T00:26:36.442Z"}
{"level":"info","message":{"duration":"0.003ms","middleware":"Blacklist","type":"middleware_perf"},"timestamp":"2026-01-11T00:26:36.443Z"}
{"level":"info","message":{"duration":"0.009ms","middleware":"Logger","type":"middleware_perf"},"timestamp":"2026-01-11T00:26:36.443Z"}
{"extra":{"duration":"5.715ms","ip":"::1","method":"GET","statusCode":404,"url":"/redirect?x-api-key=hgtfgt","userAgent":"PostmanRuntime/7.51.0"},"level":"warn","message":"HTTP 404: GET /redirect?x-api-key=hgtfgt","timestamp":"2026-01-11T00:26:36.449Z"}
{"level":"info","message":{"duration":"0.020ms","middleware":"ResponseTime","type":"middleware_perf"},"timestamp":"2026-01-11T00:27:23.371Z"}
{"level":"info","message":{"duration":"0.006ms","middleware":"Blacklist","type":"middleware_perf"},"timestamp":"2026-01-11T00:27:23.376Z"}
{"level":"info","message":{"duration":"0.007ms","middleware":"Logger","type":"middleware_perf"},"timestamp":"2026-01-11T00:27:23.377Z"}
{"extra":{"duration":"67.652ms","ip":"::1","method":"GET","statusCode":500,"url":"/debug-sentry","userAgent":"Mozilla/5.0 (Macintosh; Intel Mac OS X 10_15_7) AppleWebKit/537.36 (KHTML, like Gecko) Chrome/143.0.0.0 Safari/537.36"},"level":"error","message":"HTTP 500: GET /debug-sentry","timestamp":"2026-01-11T00:27:23.444Z"}
{"level":"info","message":{"duration":"0.043ms","middleware":"ResponseTime","type":"middleware_perf"},"timestamp":"2026-01-11T00:30:33.537Z"}
{"level":"info","message":{"duration":"0.017ms","middleware":"Blacklist","type":"middleware_perf"},"timestamp":"2026-01-11T00:30:33.541Z"}
{"level":"info","message":{"duration":"0.016ms","middleware":"Logger","type":"middleware_perf"},"timestamp":"2026-01-11T00:30:33.541Z"}
{"extra":{"duration":"30.913ms","ip":"::1","method":"GET","statusCode":500,"url":"/debug-sentry","userAgent":"Mozilla/5.0 (Macintosh; Intel Mac OS X 10_15_7) AppleWebKit/537.36 (KHTML, like Gecko) Chrome/143.0.0.0 Safari/537.36"},"level":"error","message":"HTTP 500: GET /debug-sentry","timestamp":"2026-01-11T00:30:33.572Z"}
{"level":"info","message":{"duration":"0.056ms","middleware":"ResponseTime","type":"middleware_perf"},"timestamp":"2026-01-11T00:35:19.131Z"}
{"level":"info","message":{"duration":"0.031ms","middleware":"Blacklist","type":"middleware_perf"},"timestamp":"2026-01-11T00:35:19.133Z"}
{"level":"info","message":{"duration":"0.054ms","middleware":"Logger","type":"middleware_perf"},"timestamp":"2026-01-11T00:35:19.133Z"}
{"extra":{"duration":"32.159ms","ip":"::1","method":"GET","statusCode":500,"url":"/debug-sentry","userAgent":"Mozilla/5.0 (Macintosh; Intel Mac OS X 10_15_7) AppleWebKit/537.36 (KHTML, like Gecko) Chrome/143.0.0.0 Safari/537.36"},"level":"error","message":"HTTP 500: GET /debug-sentry","timestamp":"2026-01-11T00:35:19.166Z"}
{"level":"info","message":{"duration":"0.053ms","middleware":"ResponseTime","type":"middleware_perf"},"timestamp":"2026-01-11T00:36:20.531Z"}
{"level":"info","message":{"duration":"0.015ms","middleware":"Blacklist","type":"middleware_perf"},"timestamp":"2026-01-11T00:36:20.533Z"}
{"level":"info","message":{"duration":"0.011ms","middleware":"Logger","type":"middleware_perf"},"timestamp":"2026-01-11T00:36:20.534Z"}
{"extra":{"duration":"82.710ms","ip":"::1","method":"GET","statusCode":404,"url":"/redirect?x-api-key=hgtfgt","userAgent":"PostmanRuntime/7.51.0"},"level":"warn","message":"HTTP 404: GET /redirect?x-api-key=hgtfgt","timestamp":"2026-01-11T00:36:20.617Z"}
{"level":"info","message":{"duration":"0.108ms","middleware":"ResponseTime","type":"middleware_perf"},"timestamp":"2026-01-11T00:37:35.330Z"}
{"level":"info","message":{"duration":"0.044ms","middleware":"Blacklist","type":"middleware_perf"},"timestamp":"2026-01-11T00:37:35.333Z"}
{"level":"info","message":{"duration":"0.073ms","middleware":"Logger","type":"middleware_perf"},"timestamp":"2026-01-11T00:37:35.333Z"}
{"extra":{"duration":"69.367ms","ip":"::1","method":"GET","statusCode":404,"url":"/redirect?x-api-key=hgtfgt","userAgent":"PostmanRuntime/7.51.0"},"level":"warn","message":"HTTP 404: GET /redirect?x-api-key=hgtfgt","timestamp":"2026-01-11T00:37:35.404Z"}
{"level":"info","message":{"duration":"0.038ms","middleware":"ResponseTime","type":"middleware_perf"},"timestamp":"2026-01-11T00:39:58.454Z"}
{"level":"info","message":{"duration":"0.023ms","middleware":"Blacklist","type":"middleware_perf"},"timestamp":"2026-01-11T00:39:58.455Z"}
{"level":"info","message":{"duration":"0.085ms","middleware":"Logger","type":"middleware_perf"},"timestamp":"2026-01-11T00:39:58.456Z"}
{"extra":{"duration":"73.891ms","ip":"::1","method":"GET","statusCode":404,"url":"/redirect?x-api-key=hgtfgt","userAgent":"PostmanRuntime/7.51.0"},"level":"warn","message":"HTTP 404: GET /redirect?x-api-key=hgtfgt","timestamp":"2026-01-11T00:39:58.531Z"}
{"level":"info","message":{"duration":"0.024ms","middleware":"ResponseTime","type":"middleware_perf"},"timestamp":"2026-01-11T00:40:07.196Z"}
{"level":"info","message":{"duration":"0.003ms","middleware":"Blacklist","type":"middleware_perf"},"timestamp":"2026-01-11T00:40:07.197Z"}
{"level":"info","message":{"duration":"0.013ms","middleware":"Logger","type":"middleware_perf"},"timestamp":"2026-01-11T00:40:07.198Z"}
{"extra":{"duration":"50.646ms","ip":"::1","method":"GET","statusCode":500,"url":"/debug-sentry","userAgent":"Mozilla/5.0 (Macintosh; Intel Mac OS X 10_15_7) AppleWebKit/537.36 (KHTML, like Gecko) Chrome/143.0.0.0 Safari/537.36"},"level":"error","message":"HTTP 500: GET /debug-sentry","timestamp":"2026-01-11T00:40:07.249Z"}
{"level":"info","message":{"duration":"0.029ms","middleware":"ResponseTime","type":"middleware_perf"},"timestamp":"2026-01-11T00:41:28.030Z"}
{"level":"info","message":{"duration":"0.006ms","middleware":"Blacklist","type":"middleware_perf"},"timestamp":"2026-01-11T00:41:28.032Z"}
{"level":"info","message":{"duration":"0.027ms","middleware":"Logger","type":"middleware_perf"},"timestamp":"2026-01-11T00:41:28.033Z"}
{"extra":{"duration":"14.832ms","ip":"::1","method":"GET","statusCode":500,"url":"/debug-sentry","userAgent":"Mozilla/5.0 (Macintosh; Intel Mac OS X 10_15_7) AppleWebKit/537.36 (KHTML, like Gecko) Chrome/143.0.0.0 Safari/537.36"},"level":"error","message":"HTTP 500: GET /debug-sentry","timestamp":"2026-01-11T00:41:28.048Z"}
{"level":"info","message":{"duration":"0.015ms","middleware":"ResponseTime","type":"middleware_perf"},"timestamp":"2026-01-11T00:42:02.109Z"}
{"level":"info","message":{"duration":"0.003ms","middleware":"Blacklist","type":"middleware_perf"},"timestamp":"2026-01-11T00:42:02.123Z"}
{"level":"info","message":{"duration":"0.008ms","middleware":"Logger","type":"middleware_perf"},"timestamp":"2026-01-11T00:42:02.124Z"}
{"extra":{"duration":"30.412ms","ip":"::1","method":"GET","statusCode":404,"url":"/redirect?x-api-key=hgtfgt","userAgent":"PostmanRuntime/7.51.0"},"level":"warn","message":"HTTP 404: GET /redirect?x-api-key=hgtfgt","timestamp":"2026-01-11T00:42:02.156Z"}
{"level":"info","message":{"duration":"0.013ms","middleware":"ResponseTime","type":"middleware_perf"},"timestamp":"2026-01-11T00:42:48.103Z"}
{"level":"info","message":{"duration":"0.002ms","middleware":"Blacklist","type":"middleware_perf"},"timestamp":"2026-01-11T00:42:48.105Z"}
{"level":"info","message":{"duration":"0.007ms","middleware":"Logger","type":"middleware_perf"},"timestamp":"2026-01-11T00:42:48.105Z"}
{"extra":{"duration":"5.515ms","ip":"::1","method":"GET","statusCode":404,"url":"/redirect?x-api-key=hgtfgt","userAgent":"PostmanRuntime/7.51.0"},"level":"warn","message":"HTTP 404: GET /redirect?x-api-key=hgtfgt","timestamp":"2026-01-11T00:42:48.111Z"}
{"level":"info","message":{"duration":"0.051ms","middleware":"ResponseTime","type":"middleware_perf"},"timestamp":"2026-01-11T00:45:23.228Z"}
{"level":"info","message":{"duration":"0.049ms","middleware":"Blacklist","type":"middleware_perf"},"timestamp":"2026-01-11T00:45:23.230Z"}
{"level":"info","message":{"duration":"0.067ms","middleware":"Logger","type":"middleware_perf"},"timestamp":"2026-01-11T00:45:23.231Z"}
{"extra":{"duration":"81.625ms","ip":"::1","method":"GET","statusCode":404,"url":"/redirect?x-api-key=hgtfgt","userAgent":"PostmanRuntime/7.51.0"},"level":"warn","message":"HTTP 404: GET /redirect?x-api-key=hgtfgt","timestamp":"2026-01-11T00:45:23.314Z"}
{"level":"info","message":{"duration":"0.152ms","middleware":"ResponseTime","type":"middleware_perf"},"timestamp":"2026-01-11T00:45:48.077Z"}
{"level":"info","message":{"duration":"0.007ms","middleware":"Blacklist","type":"middleware_perf"},"timestamp":"2026-01-11T00:45:48.082Z"}
{"level":"info","message":{"duration":"0.018ms","middleware":"Logger","type":"middleware_perf"},"timestamp":"2026-01-11T00:45:48.083Z"}
{"extra":{"duration":"90.821ms","ip":"::1","method":"GET","statusCode":500,"url":"/debug-sentry","userAgent":"Mozilla/5.0 (Macintosh; Intel Mac OS X 10_15_7) AppleWebKit/537.36 (KHTML, like Gecko) Chrome/143.0.0.0 Safari/537.36"},"level":"error","message":"HTTP 500: GET /debug-sentry","timestamp":"2026-01-11T00:45:48.174Z"}
