{"level":"info","message":{"duration":"0.334ms","middleware":"ResponseTime","type":"middleware_perf"},"timestamp":"2026-01-07T17:19:06.756Z"}
{"level":"info","message":{"duration":"0.012ms","middleware":"Blacklist","type":"middleware_perf"},"timestamp":"2026-01-07T17:19:06.789Z"}
{"level":"info","message":{"duration":"0.015ms","middleware":"Logger","type":"middleware_perf"},"timestamp":"2026-01-07T17:19:06.791Z"}
{"extra":{"duration":"15.812ms","ip":"::1","method":"GET","statusCode":401,"url":"/urls","userAgent":"PostmanRuntime/7.50.0"},"level":"warn","message":"HTTP 401: GET /urls","timestamp":"2026-01-07T17:19:06.807Z"}
{"level":"info","message":{"duration":"0.030ms","middleware":"ResponseTime","type":"middleware_perf"},"timestamp":"2026-01-07T17:19:29.783Z"}
{"level":"info","message":{"duration":"0.360ms","middleware":"Blacklist","type":"middleware_perf"},"timestamp":"2026-01-07T17:19:29.788Z"}
{"level":"info","message":{"duration":"0.015ms","middleware":"Logger","type":"middleware_perf"},"timestamp":"2026-01-07T17:19:29.790Z"}
{"level":"info","message":{"duration":"184.707ms","middleware":"Auth","type":"middleware_perf"},"timestamp":"2026-01-07T17:19:29.975Z"}
{"extra":{"duration":"211.579ms","ip":"::1","method":"GET","statusCode":200,"url":"/urls","userAgent":"PostmanRuntime/7.50.0"},"level":"info","message":"HTTP 200: GET /urls","timestamp":"2026-01-07T17:19:30.002Z"}
{"level":"info","message":{"duration":"0.016ms","middleware":"ResponseTime","type":"middleware_perf"},"timestamp":"2026-01-07T17:33:57.382Z"}
{"level":"info","message":{"duration":"0.006ms","middleware":"Blacklist","type":"middleware_perf"},"timestamp":"2026-01-07T17:33:57.383Z"}
{"level":"info","message":{"duration":"0.010ms","middleware":"Logger","type":"middleware_perf"},"timestamp":"2026-01-07T17:33:57.384Z"}
{"level":"info","message":{"duration":"3.991ms","middleware":"Auth","type":"middleware_perf"},"timestamp":"2026-01-07T17:33:57.393Z"}
{"extra":{"duration":"27.858ms","ip":"::1","method":"POST","statusCode":201,"url":"/shorten","userAgent":"PostmanRuntime/7.50.0"},"level":"info","message":"HTTP 201: POST /shorten","timestamp":"2026-01-07T17:33:57.412Z"}
{"level":"info","message":{"duration":"0.012ms","middleware":"ResponseTime","type":"middleware_perf"},"timestamp":"2026-01-07T17:36:27.107Z"}
{"level":"info","message":{"duration":"0.006ms","middleware":"Blacklist","type":"middleware_perf"},"timestamp":"2026-01-07T17:36:27.107Z"}
{"level":"info","message":{"duration":"0.008ms","middleware":"Logger","type":"middleware_perf"},"timestamp":"2026-01-07T17:36:27.108Z"}
{"level":"info","message":{"duration":"3.963ms","middleware":"Auth","type":"middleware_perf"},"timestamp":"2026-01-07T17:36:27.112Z"}
{"level":"info","message":{"duration":"3.302ms","middleware":"TierCheck","type":"middleware_perf"},"timestamp":"2026-01-07T17:36:27.116Z"}
{"extra":{"duration":"21.550ms","ip":"::1","method":"POST","statusCode":207,"url":"/shorten/bulk","userAgent":"PostmanRuntime/7.50.0"},"level":"info","message":"HTTP 207: POST /shorten/bulk","timestamp":"2026-01-07T17:36:27.129Z"}
{"level":"info","message":{"duration":"0.009ms","middleware":"ResponseTime","type":"middleware_perf"},"timestamp":"2026-01-07T17:36:36.783Z"}
{"level":"info","message":{"duration":"0.005ms","middleware":"Blacklist","type":"middleware_perf"},"timestamp":"2026-01-07T17:36:36.783Z"}
{"level":"info","message":{"duration":"0.010ms","middleware":"Logger","type":"middleware_perf"},"timestamp":"2026-01-07T17:36:36.784Z"}
{"level":"info","message":{"duration":"2.853ms","middleware":"Auth","type":"middleware_perf"},"timestamp":"2026-01-07T17:36:36.787Z"}
{"level":"info","message":{"duration":"1.609ms","middleware":"TierCheck","type":"middleware_perf"},"timestamp":"2026-01-07T17:36:36.789Z"}
{"extra":{"duration":"127.046ms","ip":"::1","method":"POST","statusCode":207,"url":"/shorten/bulk","userAgent":"PostmanRuntime/7.50.0"},"level":"info","message":"HTTP 207: POST /shorten/bulk","timestamp":"2026-01-07T17:36:36.911Z"}
{"level":"info","message":{"duration":"0.013ms","middleware":"ResponseTime","type":"middleware_perf"},"timestamp":"2026-01-07T17:56:15.371Z"}
{"level":"info","message":{"duration":"0.007ms","middleware":"Blacklist","type":"middleware_perf"},"timestamp":"2026-01-07T17:56:15.371Z"}
{"level":"info","message":{"duration":"0.014ms","middleware":"Logger","type":"middleware_perf"},"timestamp":"2026-01-07T17:56:15.372Z"}
{"extra":{"duration":"10.522ms","ip":"::1","method":"GET","statusCode":200,"url":"/health","userAgent":"PostmanRuntime/7.50.0"},"level":"info","message":"HTTP 200: GET /health","timestamp":"2026-01-07T17:56:15.382Z"}
{"level":"info","message":{"duration":"0.017ms","middleware":"ResponseTime","type":"middleware_perf"},"timestamp":"2026-01-07T17:58:04.686Z"}
{"level":"info","message":{"duration":"0.006ms","middleware":"Blacklist","type":"middleware_perf"},"timestamp":"2026-01-07T17:58:04.687Z"}
{"level":"info","message":{"duration":"0.021ms","middleware":"Logger","type":"middleware_perf"},"timestamp":"2026-01-07T17:58:04.687Z"}
{"extra":{"duration":"6.252ms","ip":"::1","method":"GET","statusCode":404,"url":"/redirect?code=required_code&password=optional_password","userAgent":"PostmanRuntime/7.50.0"},"level":"warn","message":"HTTP 404: GET /redirect?code=required_code&password=optional_password","timestamp":"2026-01-07T17:58:04.693Z"}
{"level":"info","message":{"duration":"0.010ms","middleware":"ResponseTime","type":"middleware_perf"},"timestamp":"2026-01-07T17:59:55.024Z"}
{"level":"info","message":{"duration":"0.006ms","middleware":"Blacklist","type":"middleware_perf"},"timestamp":"2026-01-07T17:59:55.024Z"}
{"level":"info","message":{"duration":"0.010ms","middleware":"Logger","type":"middleware_perf"},"timestamp":"2026-01-07T17:59:55.025Z"}
{"level":"info","message":{"duration":"1.276ms","middleware":"Auth","type":"middleware_perf"},"timestamp":"2026-01-07T17:59:55.026Z"}
{"extra":{"duration":"13.159ms","ip":"::1","method":"POST","statusCode":201,"url":"/shorten","userAgent":"PostmanRuntime/7.50.0"},"level":"info","message":"HTTP 201: POST /shorten","timestamp":"2026-01-07T17:59:55.038Z"}
{"level":"info","message":{"duration":"0.016ms","middleware":"ResponseTime","type":"middleware_perf"},"timestamp":"2026-01-07T18:01:03.398Z"}
{"level":"info","message":{"duration":"0.008ms","middleware":"Blacklist","type":"middleware_perf"},"timestamp":"2026-01-07T18:01:03.400Z"}
{"level":"info","message":{"duration":"0.020ms","middleware":"Logger","type":"middleware_perf"},"timestamp":"2026-01-07T18:01:03.401Z"}
{"level":"info","message":{"duration":"1.304ms","middleware":"Auth","type":"middleware_perf"},"timestamp":"2026-01-07T18:01:03.402Z"}
{"extra":{"duration":"12.958ms","ip":"::1","method":"POST","statusCode":201,"url":"/shorten","userAgent":"PostmanRuntime/7.50.0"},"level":"info","message":"HTTP 201: POST /shorten","timestamp":"2026-01-07T18:01:03.414Z"}
{"level":"info","message":{"duration":"0.010ms","middleware":"ResponseTime","type":"middleware_perf"},"timestamp":"2026-01-07T18:01:15.418Z"}
{"level":"info","message":{"duration":"0.004ms","middleware":"Blacklist","type":"middleware_perf"},"timestamp":"2026-01-07T18:01:15.419Z"}
{"level":"info","message":{"duration":"0.010ms","middleware":"Logger","type":"middleware_perf"},"timestamp":"2026-01-07T18:01:15.419Z"}
{"extra":{"duration":"5.274ms","ip":"::1","method":"GET","statusCode":410,"url":"/redirect?code=required_code&password=optional_password","userAgent":"PostmanRuntime/7.50.0"},"level":"warn","message":"HTTP 410: GET /redirect?code=required_code&password=optional_password","timestamp":"2026-01-07T18:01:15.425Z"}
{"level":"info","message":{"duration":"0.016ms","middleware":"ResponseTime","type":"middleware_perf"},"timestamp":"2026-01-07T18:01:49.331Z"}
{"level":"info","message":{"duration":"0.007ms","middleware":"Blacklist","type":"middleware_perf"},"timestamp":"2026-01-07T18:01:49.332Z"}
{"level":"info","message":{"duration":"0.015ms","middleware":"Logger","type":"middleware_perf"},"timestamp":"2026-01-07T18:01:49.333Z"}
{"level":"info","message":{"duration":"1.670ms","middleware":"Auth","type":"middleware_perf"},"timestamp":"2026-01-07T18:01:49.335Z"}
{"extra":{"duration":"5.615ms","ip":"::1","method":"POST","statusCode":409,"url":"/shorten","userAgent":"PostmanRuntime/7.50.0"},"level":"warn","message":"HTTP 409: POST /shorten","timestamp":"2026-01-07T18:01:49.338Z"}
{"level":"info","message":{"duration":"0.011ms","middleware":"ResponseTime","type":"middleware_perf"},"timestamp":"2026-01-07T18:02:05.579Z"}
{"level":"info","message":{"duration":"0.011ms","middleware":"Blacklist","type":"middleware_perf"},"timestamp":"2026-01-07T18:02:05.579Z"}
{"level":"info","message":{"duration":"0.013ms","middleware":"Logger","type":"middleware_perf"},"timestamp":"2026-01-07T18:02:05.580Z"}
{"level":"info","message":{"duration":"1.605ms","middleware":"Auth","type":"middleware_perf"},"timestamp":"2026-01-07T18:02:05.583Z"}
{"extra":{"duration":"23.410ms","ip":"::1","method":"POST","statusCode":201,"url":"/shorten","userAgent":"PostmanRuntime/7.50.0"},"level":"info","message":"HTTP 201: POST /shorten","timestamp":"2026-01-07T18:02:05.603Z"}
{"level":"info","message":{"duration":"0.015ms","middleware":"ResponseTime","type":"middleware_perf"},"timestamp":"2026-01-07T18:02:28.753Z"}
{"level":"info","message":{"duration":"0.012ms","middleware":"Blacklist","type":"middleware_perf"},"timestamp":"2026-01-07T18:02:28.754Z"}
{"level":"info","message":{"duration":"0.050ms","middleware":"Logger","type":"middleware_perf"},"timestamp":"2026-01-07T18:02:28.754Z"}
{"extra":{"duration":"6.068ms","ip":"::1","method":"GET","statusCode":401,"url":"/redirect?code=required_custom_code&password=optional_password","userAgent":"PostmanRuntime/7.50.0"},"level":"warn","message":"HTTP 401: GET /redirect?code=required_custom_code&password=optional_password","timestamp":"2026-01-07T18:02:28.760Z"}
{"level":"info","message":{"duration":"0.008ms","middleware":"ResponseTime","type":"middleware_perf"},"timestamp":"2026-01-07T18:02:39.891Z"}
{"level":"info","message":{"duration":"0.007ms","middleware":"Blacklist","type":"middleware_perf"},"timestamp":"2026-01-07T18:02:39.891Z"}
{"level":"info","message":{"duration":"0.011ms","middleware":"Logger","type":"middleware_perf"},"timestamp":"2026-01-07T18:02:39.892Z"}
{"extra":{"duration":"3.821ms","ip":"::1","method":"GET","statusCode":401,"url":"/redirect?code=required_custom_code&password=optional_pass","userAgent":"PostmanRuntime/7.50.0"},"level":"warn","message":"HTTP 401: GET /redirect?code=required_custom_code&password=optional_pass","timestamp":"2026-01-07T18:02:39.895Z"}
{"level":"info","message":{"duration":"0.008ms","middleware":"ResponseTime","type":"middleware_perf"},"timestamp":"2026-01-07T18:03:10.661Z"}
{"level":"info","message":{"duration":"0.010ms","middleware":"Blacklist","type":"middleware_perf"},"timestamp":"2026-01-07T18:03:10.661Z"}
{"level":"info","message":{"duration":"0.009ms","middleware":"Logger","type":"middleware_perf"},"timestamp":"2026-01-07T18:03:10.662Z"}
{"extra":{"duration":"17.195ms","ip":"::1","method":"GET","statusCode":302,"url":"/redirect?code=required_custom_code&password=optional-pass","userAgent":"PostmanRuntime/7.50.0"},"level":"info","message":"HTTP 302: GET /redirect?code=required_custom_code&password=optional-pass","timestamp":"2026-01-07T18:03:10.679Z"}
{"level":"info","message":{"duration":"0.008ms","middleware":"ResponseTime","type":"middleware_perf"},"timestamp":"2026-01-07T18:03:20.629Z"}
{"level":"info","message":{"duration":"0.008ms","middleware":"Blacklist","type":"middleware_perf"},"timestamp":"2026-01-07T18:03:20.630Z"}
{"level":"info","message":{"duration":"0.011ms","middleware":"Logger","type":"middleware_perf"},"timestamp":"2026-01-07T18:03:20.630Z"}
{"extra":{"duration":"19.686ms","ip":"::1","method":"GET","statusCode":302,"url":"/redirect?code=required_custom_code&password=optional-pass","userAgent":"PostmanRuntime/7.50.0"},"level":"info","message":"HTTP 302: GET /redirect?code=required_custom_code&password=optional-pass","timestamp":"2026-01-07T18:03:20.650Z"}
{"level":"info","message":{"duration":"0.047ms","middleware":"ResponseTime","type":"middleware_perf"},"timestamp":"2026-01-07T18:05:16.016Z"}
{"level":"info","message":{"duration":"0.011ms","middleware":"Blacklist","type":"middleware_perf"},"timestamp":"2026-01-07T18:05:16.016Z"}
{"level":"info","message":{"duration":"0.010ms","middleware":"Logger","type":"middleware_perf"},"timestamp":"2026-01-07T18:05:16.017Z"}
{"level":"info","message":{"duration":"1.949ms","middleware":"Auth","type":"middleware_perf"},"timestamp":"2026-01-07T18:05:16.019Z"}
{"extra":{"duration":"4.829ms","ip":"::1","method":"POST","statusCode":403,"url":"/shorten/bulk","userAgent":"PostmanRuntime/7.50.0"},"level":"warn","message":"HTTP 403: POST /shorten/bulk","timestamp":"2026-01-07T18:05:16.022Z"}
{"level":"info","message":{"duration":"0.010ms","middleware":"ResponseTime","type":"middleware_perf"},"timestamp":"2026-01-07T18:05:28.632Z"}
{"level":"info","message":{"duration":"0.010ms","middleware":"Blacklist","type":"middleware_perf"},"timestamp":"2026-01-07T18:05:28.632Z"}
{"level":"info","message":{"duration":"0.013ms","middleware":"Logger","type":"middleware_perf"},"timestamp":"2026-01-07T18:05:28.633Z"}
{"level":"info","message":{"duration":"1.734ms","middleware":"Auth","type":"middleware_perf"},"timestamp":"2026-01-07T18:05:28.635Z"}
{"extra":{"duration":"27.729ms","ip":"::1","method":"GET","statusCode":200,"url":"/urls","userAgent":"PostmanRuntime/7.50.0"},"level":"info","message":"HTTP 200: GET /urls","timestamp":"2026-01-07T18:05:28.661Z"}
{"level":"info","message":{"duration":"0.016ms","middleware":"ResponseTime","type":"middleware_perf"},"timestamp":"2026-01-07T18:06:39.055Z"}
{"level":"info","message":{"duration":"0.007ms","middleware":"Blacklist","type":"middleware_perf"},"timestamp":"2026-01-07T18:06:39.056Z"}
{"level":"info","message":{"duration":"0.014ms","middleware":"Logger","type":"middleware_perf"},"timestamp":"2026-01-07T18:06:39.056Z"}
{"level":"info","message":{"duration":"2.097ms","middleware":"Auth","type":"middleware_perf"},"timestamp":"2026-01-07T18:06:39.073Z"}
{"extra":{"duration":"20.022ms","ip":"::1","method":"PATCH","statusCode":404,"url":"/shorten/code_to_update","userAgent":"PostmanRuntime/7.50.0"},"level":"warn","message":"HTTP 404: PATCH /shorten/code_to_update","timestamp":"2026-01-07T18:06:39.076Z"}
{"level":"info","message":{"duration":"0.009ms","middleware":"ResponseTime","type":"middleware_perf"},"timestamp":"2026-01-07T18:07:36.868Z"}
{"level":"info","message":{"duration":"0.006ms","middleware":"Blacklist","type":"middleware_perf"},"timestamp":"2026-01-07T18:07:36.868Z"}
{"level":"info","message":{"duration":"0.009ms","middleware":"Logger","type":"middleware_perf"},"timestamp":"2026-01-07T18:07:36.869Z"}
{"level":"info","message":{"duration":"1.235ms","middleware":"Auth","type":"middleware_perf"},"timestamp":"2026-01-07T18:07:36.870Z"}
{"extra":{"duration":"24.326ms","ip":"::1","method":"PATCH","statusCode":200,"url":"/shorten/required_custom_code","userAgent":"PostmanRuntime/7.50.0"},"level":"info","message":"HTTP 200: PATCH /shorten/required_custom_code","timestamp":"2026-01-07T18:07:36.893Z"}
{"level":"info","message":{"duration":"0.010ms","middleware":"ResponseTime","type":"middleware_perf"},"timestamp":"2026-01-07T18:08:55.376Z"}
{"level":"info","message":{"duration":"0.003ms","middleware":"Blacklist","type":"middleware_perf"},"timestamp":"2026-01-07T18:08:55.376Z"}
{"level":"info","message":{"duration":"0.011ms","middleware":"Logger","type":"middleware_perf"},"timestamp":"2026-01-07T18:08:55.376Z"}
{"level":"info","message":{"duration":"1.606ms","middleware":"Auth","type":"middleware_perf"},"timestamp":"2026-01-07T18:08:55.378Z"}
{"extra":{"duration":"10.536ms","ip":"::1","method":"DELETE","statusCode":204,"url":"/shorten/required_custom_code","userAgent":"PostmanRuntime/7.50.0"},"level":"info","message":"HTTP 204: DELETE /shorten/required_custom_code","timestamp":"2026-01-07T18:08:55.387Z"}
{"level":"info","message":{"duration":"0.009ms","middleware":"ResponseTime","type":"middleware_perf"},"timestamp":"2026-01-07T18:09:23.882Z"}
{"level":"info","message":{"duration":"0.003ms","middleware":"Blacklist","type":"middleware_perf"},"timestamp":"2026-01-07T18:09:23.883Z"}
{"level":"info","message":{"duration":"0.012ms","middleware":"Logger","type":"middleware_perf"},"timestamp":"2026-01-07T18:09:23.883Z"}
{"extra":{"duration":"2.792ms","ip":"::1","method":"GET","statusCode":404,"url":"/redirect?code=required_custom_code&password=optional-pass","userAgent":"PostmanRuntime/7.50.0"},"level":"warn","message":"HTTP 404: GET /redirect?code=required_custom_code&password=optional-pass","timestamp":"2026-01-07T18:09:23.886Z"}
{"level":"info","message":{"duration":"0.009ms","middleware":"ResponseTime","type":"middleware_perf"},"timestamp":"2026-01-07T18:09:40.720Z"}
{"level":"info","message":{"duration":"0.005ms","middleware":"Blacklist","type":"middleware_perf"},"timestamp":"2026-01-07T18:09:40.720Z"}
{"level":"info","message":{"duration":"0.017ms","middleware":"Logger","type":"middleware_perf"},"timestamp":"2026-01-07T18:09:40.721Z"}
{"level":"info","message":{"duration":"1.306ms","middleware":"Auth","type":"middleware_perf"},"timestamp":"2026-01-07T18:09:40.722Z"}
{"extra":{"duration":"4.046ms","ip":"::1","method":"DELETE","statusCode":404,"url":"/shorten/required_custom_codes","userAgent":"PostmanRuntime/7.50.0"},"level":"warn","message":"HTTP 404: DELETE /shorten/required_custom_codes","timestamp":"2026-01-07T18:09:40.725Z"}
{"level":"info","message":{"duration":"0.009ms","middleware":"ResponseTime","type":"middleware_perf"},"timestamp":"2026-01-07T18:09:47.201Z"}
{"level":"info","message":{"duration":"0.004ms","middleware":"Blacklist","type":"middleware_perf"},"timestamp":"2026-01-07T18:09:47.201Z"}
{"level":"info","message":{"duration":"0.010ms","middleware":"Logger","type":"middleware_perf"},"timestamp":"2026-01-07T18:09:47.202Z"}
{"level":"info","message":{"duration":"1.153ms","middleware":"Auth","type":"middleware_perf"},"timestamp":"2026-01-07T18:09:47.203Z"}
{"extra":{"duration":"3.751ms","ip":"::1","method":"DELETE","statusCode":404,"url":"/shorten/required_custom_code","userAgent":"PostmanRuntime/7.50.0"},"level":"warn","message":"HTTP 404: DELETE /shorten/required_custom_code","timestamp":"2026-01-07T18:09:47.205Z"}
