{"level":"info","message":{"duration":"0.020ms","middleware":"ResponseTime","type":"middleware_perf"},"timestamp":"2026-01-06T19:41:01.496Z"}
{"level":"info","message":{"duration":"0.006ms","middleware":"Blacklist","type":"middleware_perf"},"timestamp":"2026-01-06T19:41:01.497Z"}
{"level":"info","message":{"duration":"0.016ms","middleware":"Logger","type":"middleware_perf"},"timestamp":"2026-01-06T19:41:01.497Z"}
{"level":"info","message":{"duration":"2.037ms","middleware":"Auth","type":"middleware_perf"},"timestamp":"2026-01-06T19:41:01.500Z"}
{"level":"info","message":{"duration":"10ms","ip":"::1","method":"GET","statusCode":200,"url":"/urls","userAgent":"PostmanRuntime/7.50.0"},"timestamp":"2026-01-06T19:41:01.508Z"}
{"level":"info","message":{"duration":"0.008ms","middleware":"ResponseTime","type":"middleware_perf"},"timestamp":"2026-01-06T19:41:09.987Z"}
{"level":"info","message":{"duration":"0.004ms","middleware":"Blacklist","type":"middleware_perf"},"timestamp":"2026-01-06T19:41:09.987Z"}
{"level":"info","message":{"duration":"0.011ms","middleware":"Logger","type":"middleware_perf"},"timestamp":"2026-01-06T19:41:09.988Z"}
{"level":"info","message":{"duration":"1.475ms","middleware":"Auth","type":"middleware_perf"},"timestamp":"2026-01-06T19:41:09.989Z"}
{"level":"info","message":{"duration":"7ms","ip":"::1","method":"GET","statusCode":200,"url":"/urls","userAgent":"PostmanRuntime/7.50.0"},"timestamp":"2026-01-06T19:41:09.995Z"}
{"level":"info","message":{"duration":"0.009ms","middleware":"ResponseTime","type":"middleware_perf"},"timestamp":"2026-01-06T19:41:16.184Z"}
{"level":"info","message":{"duration":"0.005ms","middleware":"Blacklist","type":"middleware_perf"},"timestamp":"2026-01-06T19:41:16.184Z"}
{"level":"info","message":{"duration":"0.008ms","middleware":"Logger","type":"middleware_perf"},"timestamp":"2026-01-06T19:41:16.184Z"}
{"level":"info","message":{"duration":"1.601ms","middleware":"Auth","type":"middleware_perf"},"timestamp":"2026-01-06T19:41:16.186Z"}
{"level":"info","message":{"duration":"7ms","ip":"::1","method":"GET","statusCode":200,"url":"/urls","userAgent":"PostmanRuntime/7.50.0"},"timestamp":"2026-01-06T19:41:16.191Z"}
{"level":"info","message":{"duration":"0.012ms","middleware":"ResponseTime","type":"middleware_perf"},"timestamp":"2026-01-06T19:47:28.111Z"}
{"level":"info","message":{"duration":"0.005ms","middleware":"Blacklist","type":"middleware_perf"},"timestamp":"2026-01-06T19:47:28.111Z"}
{"level":"info","message":{"duration":"0.011ms","middleware":"Logger","type":"middleware_perf"},"timestamp":"2026-01-06T19:47:28.111Z"}
{"level":"info","message":{"duration":"1.960ms","middleware":"Auth","type":"middleware_perf"},"timestamp":"2026-01-06T19:47:28.113Z"}
{"level":"info","message":{"duration":"0.729ms","middleware":"TierCheck","type":"middleware_perf"},"timestamp":"2026-01-06T19:47:28.114Z"}
{"level":"info","message":{"duration":"5ms","ip":"::1","method":"POST","statusCode":400,"url":"/shorten/bulk","userAgent":"PostmanRuntime/7.50.0"},"timestamp":"2026-01-06T19:47:28.116Z"}
{"level":"info","message":{"duration":"0.010ms","middleware":"ResponseTime","type":"middleware_perf"},"timestamp":"2026-01-06T19:48:04.080Z"}
{"level":"info","message":{"duration":"0.005ms","middleware":"Blacklist","type":"middleware_perf"},"timestamp":"2026-01-06T19:48:04.081Z"}
{"level":"info","message":{"duration":"0.010ms","middleware":"Logger","type":"middleware_perf"},"timestamp":"2026-01-06T19:48:04.081Z"}
{"level":"info","message":{"duration":"1.321ms","middleware":"Auth","type":"middleware_perf"},"timestamp":"2026-01-06T19:48:04.083Z"}
{"level":"info","message":{"duration":"0.508ms","middleware":"TierCheck","type":"middleware_perf"},"timestamp":"2026-01-06T19:48:04.083Z"}
{"level":"info","message":{"duration":"3ms","ip":"::1","method":"POST","statusCode":400,"url":"/shorten/bulk","userAgent":"PostmanRuntime/7.50.0"},"timestamp":"2026-01-06T19:48:04.084Z"}
{"level":"info","message":{"duration":"0.010ms","middleware":"ResponseTime","type":"middleware_perf"},"timestamp":"2026-01-06T19:49:48.349Z"}
{"level":"info","message":{"duration":"0.005ms","middleware":"Blacklist","type":"middleware_perf"},"timestamp":"2026-01-06T19:49:48.349Z"}
{"level":"info","message":{"duration":"0.008ms","middleware":"Logger","type":"middleware_perf"},"timestamp":"2026-01-06T19:49:48.349Z"}
{"level":"info","message":{"duration":"1.079ms","middleware":"Auth","type":"middleware_perf"},"timestamp":"2026-01-06T19:49:48.351Z"}
{"level":"info","message":{"duration":"0.573ms","middleware":"TierCheck","type":"middleware_perf"},"timestamp":"2026-01-06T19:49:48.351Z"}
{"level":"info","message":{"duration":"17ms","ip":"::1","method":"POST","statusCode":207,"url":"/shorten/bulk","userAgent":"PostmanRuntime/7.50.0"},"timestamp":"2026-01-06T19:49:48.366Z"}
{"level":"info","message":{"duration":"0.066ms","middleware":"ResponseTime","type":"middleware_perf"},"timestamp":"2026-01-06T20:01:21.005Z"}
{"level":"info","message":{"duration":"0.108ms","middleware":"Blacklist","type":"middleware_perf"},"timestamp":"2026-01-06T20:01:21.007Z"}
{"level":"info","message":{"duration":"0.151ms","middleware":"Logger","type":"middleware_perf"},"timestamp":"2026-01-06T20:01:21.010Z"}
{"level":"info","message":{"duration":"58.528ms","middleware":"Auth","type":"middleware_perf"},"timestamp":"2026-01-06T20:01:21.069Z"}
{"level":"info","message":{"duration":"0.634ms","middleware":"TierCheck","type":"middleware_perf"},"timestamp":"2026-01-06T20:01:21.070Z"}
{"level":"info","message":{"duration":"118.756ms","ip":"::1","method":"POST","statusCode":207,"url":"/shorten/bulk","userAgent":"PostmanRuntime/7.50.0"},"timestamp":"2026-01-06T20:01:21.129Z"}
{"level":"info","message":{"duration":"0.009ms","middleware":"ResponseTime","type":"middleware_perf"},"timestamp":"2026-01-06T20:01:39.094Z"}
{"level":"info","message":{"duration":"0.004ms","middleware":"Blacklist","type":"middleware_perf"},"timestamp":"2026-01-06T20:01:39.094Z"}
{"level":"info","message":{"duration":"0.012ms","middleware":"Logger","type":"middleware_perf"},"timestamp":"2026-01-06T20:01:39.095Z"}
{"level":"info","message":{"duration":"1.510ms","middleware":"Auth","type":"middleware_perf"},"timestamp":"2026-01-06T20:01:39.097Z"}
{"level":"info","message":{"duration":"0.471ms","middleware":"TierCheck","type":"middleware_perf"},"timestamp":"2026-01-06T20:01:39.098Z"}
{"level":"info","message":{"duration":"10.748ms","ip":"::1","method":"POST","statusCode":207,"url":"/shorten/bulk","userAgent":"PostmanRuntime/7.50.0"},"timestamp":"2026-01-06T20:01:39.106Z"}
{"level":"info","message":{"duration":"0.065ms","middleware":"ResponseTime","type":"middleware_perf"},"timestamp":"2026-01-06T22:45:36.475Z"}
{"level":"info","message":{"duration":"0.055ms","middleware":"Blacklist","type":"middleware_perf"},"timestamp":"2026-01-06T22:45:36.477Z"}
{"level":"info","message":{"duration":"0.066ms","middleware":"Logger","type":"middleware_perf"},"timestamp":"2026-01-06T22:45:36.478Z"}
{"level":"info","message":{"duration":"178.238ms","middleware":"Auth","type":"middleware_perf"},"timestamp":"2026-01-06T22:45:36.658Z"}
{"level":"info","message":{"duration":"1.027ms","middleware":"TierCheck","type":"middleware_perf"},"timestamp":"2026-01-06T22:45:36.659Z"}
{"level":"info","message":{"duration":"247.413ms","ip":"::1","method":"POST","statusCode":207,"url":"/shorten/bulk","userAgent":"PostmanRuntime/7.50.0"},"timestamp":"2026-01-06T22:45:36.726Z"}
{"level":"info","message":{"duration":"0.009ms","middleware":"ResponseTime","type":"middleware_perf"},"timestamp":"2026-01-06T22:46:06.029Z"}
{"level":"info","message":{"duration":"0.003ms","middleware":"Blacklist","type":"middleware_perf"},"timestamp":"2026-01-06T22:46:06.030Z"}
{"level":"info","message":{"duration":"0.009ms","middleware":"Logger","type":"middleware_perf"},"timestamp":"2026-01-06T22:46:06.031Z"}
{"level":"info","message":{"duration":"2.345ms","ip":"::1","method":"POST","statusCode":401,"url":"/shorten/bulk","userAgent":"PostmanRuntime/7.50.0"},"timestamp":"2026-01-06T22:46:06.033Z"}
{"level":"info","message":{"duration":"0.012ms","middleware":"ResponseTime","type":"middleware_perf"},"timestamp":"2026-01-06T22:47:43.637Z"}
{"level":"info","message":{"duration":"0.005ms","middleware":"Blacklist","type":"middleware_perf"},"timestamp":"2026-01-06T22:47:43.637Z"}
{"level":"info","message":{"duration":"0.010ms","middleware":"Logger","type":"middleware_perf"},"timestamp":"2026-01-06T22:47:43.638Z"}
{"level":"info","message":{"duration":"1.599ms","ip":"::1","method":"POST","statusCode":500,"url":"/shorten/bulkh","userAgent":"PostmanRuntime/7.50.0"},"timestamp":"2026-01-06T22:47:43.639Z"}
{"level":"info","message":{"duration":"0.010ms","middleware":"ResponseTime","type":"middleware_perf"},"timestamp":"2026-01-06T22:48:49.361Z"}
{"level":"info","message":{"duration":"0.003ms","middleware":"Blacklist","type":"middleware_perf"},"timestamp":"2026-01-06T22:48:49.361Z"}
{"level":"info","message":{"duration":"0.009ms","middleware":"Logger","type":"middleware_perf"},"timestamp":"2026-01-06T22:48:49.362Z"}
{"level":"info","message":{"duration":"25.834ms","ip":"::1","method":"GET","statusCode":500,"url":"/debug-sentry","userAgent":"Mozilla/5.0 (Windows NT 10.0; Win64; x64) AppleWebKit/537.36 (KHTML, like Gecko) Chrome/143.0.0.0 Safari/537.36"},"timestamp":"2026-01-06T22:48:49.388Z"}
{"level":"info","message":{"duration":"0.068ms","middleware":"ResponseTime","type":"middleware_perf"},"timestamp":"2026-01-06T23:00:48.102Z"}
{"level":"info","message":{"duration":"0.050ms","middleware":"Blacklist","type":"middleware_perf"},"timestamp":"2026-01-06T23:00:48.104Z"}
{"level":"info","message":{"duration":"0.071ms","middleware":"Logger","type":"middleware_perf"},"timestamp":"2026-01-06T23:00:48.105Z"}
{"level":"error","message":{"duration":"27.006ms","ip":"::1","method":"GET","statusCode":500,"url":"/debug-sentry","userAgent":"Mozilla/5.0 (Windows NT 10.0; Win64; x64) AppleWebKit/537.36 (KHTML, like Gecko) Chrome/143.0.0.0 Safari/537.36"},"timestamp":"2026-01-06T23:00:48.132Z"}
{"level":"info","message":{"duration":"0.069ms","middleware":"ResponseTime","type":"middleware_perf"},"timestamp":"2026-01-06T23:05:31.988Z"}
{"level":"info","message":{"duration":"0.059ms","middleware":"Blacklist","type":"middleware_perf"},"timestamp":"2026-01-06T23:05:31.991Z"}
{"level":"info","message":{"duration":"0.104ms","middleware":"Logger","type":"middleware_perf"},"timestamp":"2026-01-06T23:05:31.992Z"}
{"level":"error","message":{"duration":"26.971ms","ip":"::1","method":"GET","statusCode":500,"url":"/debug-sentry","userAgent":"Mozilla/5.0 (Windows NT 10.0; Win64; x64) AppleWebKit/537.36 (KHTML, like Gecko) Chrome/143.0.0.0 Safari/537.36"},"timestamp":"2026-01-06T23:05:32.019Z"}
{"level":"info","message":{"duration":"0.025ms","middleware":"ResponseTime","type":"middleware_perf"},"timestamp":"2026-01-06T23:06:42.261Z"}
{"level":"info","message":{"duration":"0.004ms","middleware":"Blacklist","type":"middleware_perf"},"timestamp":"2026-01-06T23:06:42.263Z"}
{"level":"info","message":{"duration":"0.009ms","middleware":"Logger","type":"middleware_perf"},"timestamp":"2026-01-06T23:06:42.263Z"}
{"level":"error","message":{"duration":"2.157ms","ip":"::1","method":"POST","statusCode":500,"url":"/shorten/bulkh","userAgent":"PostmanRuntime/7.50.0"},"timestamp":"2026-01-06T23:06:42.266Z"}
{"level":"info","message":{"duration":"0.009ms","middleware":"ResponseTime","type":"middleware_perf"},"timestamp":"2026-01-06T23:09:16.722Z"}
{"level":"info","message":{"duration":"0.004ms","middleware":"Blacklist","type":"middleware_perf"},"timestamp":"2026-01-06T23:09:16.723Z"}
{"level":"info","message":{"duration":"0.010ms","middleware":"Logger","type":"middleware_perf"},"timestamp":"2026-01-06T23:09:16.724Z"}
{"level":"warn","message":{"duration":"3.008ms","ip":"::1","method":"POST","statusCode":401,"url":"/shorten/bulk","userAgent":"PostmanRuntime/7.50.0"},"timestamp":"2026-01-06T23:09:16.727Z"}
{"level":"info","message":{"duration":"0.099ms","middleware":"ResponseTime","type":"middleware_perf"},"timestamp":"2026-01-06T23:24:56.408Z"}
{"level":"info","message":{"duration":"0.063ms","middleware":"Blacklist","type":"middleware_perf"},"timestamp":"2026-01-06T23:24:56.411Z"}
{"level":"info","message":{"duration":"0.094ms","middleware":"Logger","type":"middleware_perf"},"timestamp":"2026-01-06T23:24:56.412Z"}
{"level":"warn","message":{"duration":"5.896ms","ip":"::1","method":"POST","statusCode":401,"url":"/shorten/bulk","userAgent":"PostmanRuntime/7.50.0"},"timestamp":"2026-01-06T23:24:56.418Z"}
{"level":"info","message":{"duration":"0.029ms","middleware":"ResponseTime","type":"middleware_perf"},"timestamp":"2026-01-06T23:25:17.146Z"}
{"level":"info","message":{"duration":"0.003ms","middleware":"Blacklist","type":"middleware_perf"},"timestamp":"2026-01-06T23:25:17.147Z"}
{"level":"info","message":{"duration":"0.011ms","middleware":"Logger","type":"middleware_perf"},"timestamp":"2026-01-06T23:25:17.149Z"}
{"level":"error","message":{"duration":"2.545ms","ip":"::1","method":"POST","statusCode":500,"url":"/shorten/bulkf","userAgent":"PostmanRuntime/7.50.0"},"timestamp":"2026-01-06T23:25:17.152Z"}
{"level":"info","message":{"duration":"0.069ms","middleware":"ResponseTime","type":"middleware_perf"},"timestamp":"2026-01-06T23:26:21.801Z"}
{"level":"info","message":{"duration":"0.065ms","middleware":"Blacklist","type":"middleware_perf"},"timestamp":"2026-01-06T23:26:21.803Z"}
{"level":"info","message":{"duration":"0.068ms","middleware":"Logger","type":"middleware_perf"},"timestamp":"2026-01-06T23:26:21.804Z"}
{"level":"error","message":{"duration":"4.467ms","ip":"::1","method":"POST","statusCode":500,"url":"/shorten/bulkf","userAgent":"PostmanRuntime/7.50.0"},"timestamp":"2026-01-06T23:26:21.808Z"}
{"level":"info","message":{"duration":"0.017ms","middleware":"ResponseTime","type":"middleware_perf"},"timestamp":"2026-01-06T23:28:44.988Z"}
{"level":"info","message":{"duration":"0.005ms","middleware":"Blacklist","type":"middleware_perf"},"timestamp":"2026-01-06T23:28:44.989Z"}
{"level":"info","message":{"duration":"0.010ms","middleware":"Logger","type":"middleware_perf"},"timestamp":"2026-01-06T23:28:44.990Z"}
{"level":"error","message":{"duration":"2.118ms","ip":"::1","method":"GET","statusCode":500,"url":"/urlss","userAgent":"PostmanRuntime/7.50.0"},"timestamp":"2026-01-06T23:28:44.992Z"}
{"level":"info","message":{"duration":"0.115ms","middleware":"ResponseTime","type":"middleware_perf"},"timestamp":"2026-01-06T23:32:36.093Z"}
{"level":"info","message":{"duration":"0.075ms","middleware":"Blacklist","type":"middleware_perf"},"timestamp":"2026-01-06T23:32:36.096Z"}
{"level":"info","message":{"duration":"0.087ms","middleware":"Logger","type":"middleware_perf"},"timestamp":"2026-01-06T23:32:36.097Z"}
{"level":"warn","message":{"duration":"6.926ms","ip":"::1","method":"GET","statusCode":404,"url":"/urlss","userAgent":"PostmanRuntime/7.50.0"},"timestamp":"2026-01-06T23:32:36.104Z"}
{"level":"info","message":{"duration":"0.017ms","middleware":"ResponseTime","type":"middleware_perf"},"timestamp":"2026-01-06T23:33:07.343Z"}
{"level":"info","message":{"duration":"0.004ms","middleware":"Blacklist","type":"middleware_perf"},"timestamp":"2026-01-06T23:33:07.343Z"}
{"level":"info","message":{"duration":"0.013ms","middleware":"Logger","type":"middleware_perf"},"timestamp":"2026-01-06T23:33:07.344Z"}
{"level":"info","message":{"duration":"72.186ms","middleware":"Auth","type":"middleware_perf"},"timestamp":"2026-01-06T23:33:07.418Z"}
{"level":"info","message":{"duration":"85.973ms","ip":"::1","method":"GET","statusCode":200,"url":"/urls","userAgent":"PostmanRuntime/7.50.0"},"timestamp":"2026-01-06T23:33:07.430Z"}
{"level":"info","message":{"duration":"0.013ms","middleware":"ResponseTime","type":"middleware_perf"},"timestamp":"2026-01-06T23:33:18.607Z"}
{"level":"info","message":{"duration":"0.004ms","middleware":"Blacklist","type":"middleware_perf"},"timestamp":"2026-01-06T23:33:18.608Z"}
{"level":"info","message":{"duration":"0.011ms","middleware":"Logger","type":"middleware_perf"},"timestamp":"2026-01-06T23:33:18.608Z"}
{"level":"warn","message":{"duration":"5.042ms","ip":"::1","method":"GET","statusCode":401,"url":"/urls","userAgent":"PostmanRuntime/7.50.0"},"timestamp":"2026-01-06T23:33:18.613Z"}
{"level":"info","message":{"duration":"0.010ms","middleware":"ResponseTime","type":"middleware_perf"},"timestamp":"2026-01-06T23:33:43.808Z"}
{"level":"info","message":{"duration":"0.004ms","middleware":"Blacklist","type":"middleware_perf"},"timestamp":"2026-01-06T23:33:43.808Z"}
{"level":"info","message":{"duration":"0.011ms","middleware":"Logger","type":"middleware_perf"},"timestamp":"2026-01-06T23:33:43.809Z"}
{"level":"warn","message":{"duration":"1.912ms","ip":"::1","method":"GET","statusCode":404,"url":"/urls5","userAgent":"PostmanRuntime/7.50.0"},"timestamp":"2026-01-06T23:33:43.811Z"}
{"level":"info","message":{"duration":"0.015ms","middleware":"ResponseTime","type":"middleware_perf"},"timestamp":"2026-01-06T23:33:52.381Z"}
{"level":"info","message":{"duration":"0.007ms","middleware":"Blacklist","type":"middleware_perf"},"timestamp":"2026-01-06T23:33:52.381Z"}
{"level":"info","message":{"duration":"0.012ms","middleware":"Logger","type":"middleware_perf"},"timestamp":"2026-01-06T23:33:52.382Z"}
{"level":"warn","message":{"duration":"3.397ms","ip":"::1","method":"GET","statusCode":401,"url":"/urls","userAgent":"PostmanRuntime/7.50.0"},"timestamp":"2026-01-06T23:33:52.385Z"}
{"level":"info","message":{"duration":"0.013ms","middleware":"ResponseTime","type":"middleware_perf"},"timestamp":"2026-01-06T23:35:29.186Z"}
{"level":"info","message":{"duration":"0.003ms","middleware":"Blacklist","type":"middleware_perf"},"timestamp":"2026-01-06T23:35:29.186Z"}
{"level":"info","message":{"duration":"0.011ms","middleware":"Logger","type":"middleware_perf"},"timestamp":"2026-01-06T23:35:29.186Z"}
{"level":"warn","message":{"duration":"1.676ms","ip":"::1","method":"POST","statusCode":404,"url":"/shorten/bulkf","userAgent":"PostmanRuntime/7.50.0"},"timestamp":"2026-01-06T23:35:29.188Z"}
{"level":"info","message":{"duration":"0.093ms","middleware":"ResponseTime","type":"middleware_perf"},"timestamp":"2026-01-06T23:35:51.469Z"}
{"level":"info","message":{"duration":"0.077ms","middleware":"Blacklist","type":"middleware_perf"},"timestamp":"2026-01-06T23:35:51.471Z"}
{"level":"info","message":{"duration":"0.065ms","middleware":"Logger","type":"middleware_perf"},"timestamp":"2026-01-06T23:35:51.472Z"}
{"level":"warn","message":{"duration":"4.972ms","ip":"::1","method":"POST","statusCode":404,"url":"/shorten/bulkf","userAgent":"PostmanRuntime/7.50.0"},"timestamp":"2026-01-06T23:35:51.477Z"}
{"level":"info","message":{"duration":"0.016ms","middleware":"ResponseTime","type":"middleware_perf"},"timestamp":"2026-01-06T23:35:57.457Z"}
{"level":"info","message":{"duration":"0.006ms","middleware":"Blacklist","type":"middleware_perf"},"timestamp":"2026-01-06T23:35:57.458Z"}
{"level":"info","message":{"duration":"0.008ms","middleware":"Logger","type":"middleware_perf"},"timestamp":"2026-01-06T23:35:57.459Z"}
{"level":"warn","message":{"duration":"3.038ms","ip":"::1","method":"POST","statusCode":401,"url":"/shorten/bulk","userAgent":"PostmanRuntime/7.50.0"},"timestamp":"2026-01-06T23:35:57.462Z"}
{"level":"info","message":{"duration":"0.011ms","middleware":"ResponseTime","type":"middleware_perf"},"timestamp":"2026-01-06T23:36:06.318Z"}
{"level":"info","message":{"duration":"0.006ms","middleware":"Blacklist","type":"middleware_perf"},"timestamp":"2026-01-06T23:36:06.319Z"}
{"level":"info","message":{"duration":"0.014ms","middleware":"Logger","type":"middleware_perf"},"timestamp":"2026-01-06T23:36:06.320Z"}
{"level":"warn","message":{"duration":"2.155ms","ip":"::1","method":"POST","statusCode":401,"url":"/shorten/bulk","userAgent":"PostmanRuntime/7.50.0"},"timestamp":"2026-01-06T23:36:06.322Z"}
{"level":"info","message":{"duration":"0.012ms","middleware":"ResponseTime","type":"middleware_perf"},"timestamp":"2026-01-06T23:36:24.541Z"}
{"level":"info","message":{"duration":"0.003ms","middleware":"Blacklist","type":"middleware_perf"},"timestamp":"2026-01-06T23:36:24.541Z"}
{"level":"info","message":{"duration":"0.011ms","middleware":"Logger","type":"middleware_perf"},"timestamp":"2026-01-06T23:36:24.542Z"}
{"level":"warn","message":{"duration":"3.366ms","ip":"::1","method":"POST","statusCode":401,"url":"/shorten/bulk","userAgent":"PostmanRuntime/7.50.0"},"timestamp":"2026-01-06T23:36:24.545Z"}
{"level":"info","message":{"duration":"0.016ms","middleware":"ResponseTime","type":"middleware_perf"},"timestamp":"2026-01-06T23:36:30.370Z"}
{"level":"info","message":{"duration":"0.005ms","middleware":"Blacklist","type":"middleware_perf"},"timestamp":"2026-01-06T23:36:30.371Z"}
{"level":"info","message":{"duration":"0.010ms","middleware":"Logger","type":"middleware_perf"},"timestamp":"2026-01-06T23:36:30.371Z"}
{"level":"info","message":{"duration":"75.005ms","middleware":"Auth","type":"middleware_perf"},"timestamp":"2026-01-06T23:36:30.446Z"}
{"level":"info","message":{"duration":"0.738ms","middleware":"TierCheck","type":"middleware_perf"},"timestamp":"2026-01-06T23:36:30.448Z"}
{"level":"info","message":{"duration":"138.926ms","ip":"::1","method":"POST","statusCode":207,"url":"/shorten/bulk","userAgent":"PostmanRuntime/7.50.0"},"timestamp":"2026-01-06T23:36:30.510Z"}
{"level":"info","message":{"duration":"0.018ms","middleware":"ResponseTime","type":"middleware_perf"},"timestamp":"2026-01-06T23:37:38.805Z"}
{"level":"info","message":{"duration":"0.006ms","middleware":"Blacklist","type":"middleware_perf"},"timestamp":"2026-01-06T23:37:38.806Z"}
{"level":"info","message":{"duration":"0.012ms","middleware":"Logger","type":"middleware_perf"},"timestamp":"2026-01-06T23:37:38.806Z"}
{"level":"warn","message":{"duration":"2.482ms","ip":"::1","method":"POST","statusCode":404,"url":"/shorten/bulkf","userAgent":"PostmanRuntime/7.50.0"},"timestamp":"2026-01-06T23:37:38.809Z"}
{"level":"info","message":{"duration":"0.013ms","middleware":"ResponseTime","type":"middleware_perf"},"timestamp":"2026-01-06T23:37:42.300Z"}
{"level":"info","message":{"duration":"0.004ms","middleware":"Blacklist","type":"middleware_perf"},"timestamp":"2026-01-06T23:37:42.301Z"}
{"level":"info","message":{"duration":"0.013ms","middleware":"Logger","type":"middleware_perf"},"timestamp":"2026-01-06T23:37:42.301Z"}
{"level":"warn","message":{"duration":"1.690ms","ip":"::1","method":"POST","statusCode":404,"url":"/shorten/bulkf","userAgent":"PostmanRuntime/7.50.0"},"timestamp":"2026-01-06T23:37:42.303Z"}
{"level":"info","message":{"duration":"0.011ms","middleware":"ResponseTime","type":"middleware_perf"},"timestamp":"2026-01-06T23:37:46.513Z"}
{"level":"info","message":{"duration":"0.004ms","middleware":"Blacklist","type":"middleware_perf"},"timestamp":"2026-01-06T23:37:46.514Z"}
{"level":"info","message":{"duration":"0.013ms","middleware":"Logger","type":"middleware_perf"},"timestamp":"2026-01-06T23:37:46.514Z"}
{"level":"warn","message":{"duration":"1.325ms","ip":"::1","method":"POST","statusCode":404,"url":"/shorten/bulkf","userAgent":"PostmanRuntime/7.50.0"},"timestamp":"2026-01-06T23:37:46.515Z"}
{"level":"info","message":{"duration":"0.013ms","middleware":"ResponseTime","type":"middleware_perf"},"timestamp":"2026-01-06T23:38:23.674Z"}
{"level":"info","message":{"duration":"0.005ms","middleware":"Blacklist","type":"middleware_perf"},"timestamp":"2026-01-06T23:38:23.674Z"}
{"level":"info","message":{"duration":"0.012ms","middleware":"Logger","type":"middleware_perf"},"timestamp":"2026-01-06T23:38:23.675Z"}
{"level":"warn","message":{"duration":"1.851ms","ip":"::1","method":"POST","statusCode":404,"url":"/shorten/bulkf","userAgent":"PostmanRuntime/7.50.0"},"timestamp":"2026-01-06T23:38:23.676Z"}
{"level":"info","message":{"duration":"0.065ms","middleware":"ResponseTime","type":"middleware_perf"},"timestamp":"2026-01-06T23:38:35.527Z"}
{"level":"info","message":{"duration":"0.055ms","middleware":"Blacklist","type":"middleware_perf"},"timestamp":"2026-01-06T23:38:35.530Z"}
{"level":"info","message":{"duration":"0.087ms","middleware":"Logger","type":"middleware_perf"},"timestamp":"2026-01-06T23:38:35.530Z"}
{"level":"warn","message":{"duration":"5.514ms","ip":"::1","method":"POST","statusCode":404,"url":"/shorten/bulkf","userAgent":"PostmanRuntime/7.50.0"},"timestamp":"2026-01-06T23:38:35.536Z"}
{"level":"info","message":{"duration":"0.042ms","middleware":"ResponseTime","type":"middleware_perf"},"timestamp":"2026-01-06T23:39:36.132Z"}
{"level":"info","message":{"duration":"0.006ms","middleware":"Blacklist","type":"middleware_perf"},"timestamp":"2026-01-06T23:39:36.133Z"}
{"level":"info","message":{"duration":"0.025ms","middleware":"Logger","type":"middleware_perf"},"timestamp":"2026-01-06T23:39:36.135Z"}
{"level":"error","message":{"duration":"41.619ms","ip":"::1","method":"GET","statusCode":500,"url":"/debug-sentry","userAgent":"Mozilla/5.0 (Windows NT 10.0; Win64; x64) AppleWebKit/537.36 (KHTML, like Gecko) Chrome/143.0.0.0 Safari/537.36"},"timestamp":"2026-01-06T23:39:36.176Z"}
{"level":"info","message":{"duration":"0.007ms","middleware":"ResponseTime","type":"middleware_perf"},"timestamp":"2026-01-06T23:40:02.335Z"}
{"level":"info","message":{"duration":"0.003ms","middleware":"Blacklist","type":"middleware_perf"},"timestamp":"2026-01-06T23:40:02.335Z"}
{"level":"info","message":{"duration":"0.012ms","middleware":"Logger","type":"middleware_perf"},"timestamp":"2026-01-06T23:40:02.336Z"}
{"level":"error","message":{"duration":"3.907ms","ip":"::1","method":"GET","statusCode":500,"url":"/debug-sentry","userAgent":"Mozilla/5.0 (Windows NT 10.0; Win64; x64) AppleWebKit/537.36 (KHTML, like Gecko) Chrome/143.0.0.0 Safari/537.36"},"timestamp":"2026-01-06T23:40:02.340Z"}
{"level":"info","message":{"duration":"0.010ms","middleware":"ResponseTime","type":"middleware_perf"},"timestamp":"2026-01-06T23:40:07.727Z"}
{"level":"info","message":{"duration":"0.003ms","middleware":"Blacklist","type":"middleware_perf"},"timestamp":"2026-01-06T23:40:07.728Z"}
{"level":"info","message":{"duration":"0.016ms","middleware":"Logger","type":"middleware_perf"},"timestamp":"2026-01-06T23:40:07.728Z"}
{"level":"error","message":{"duration":"4.301ms","ip":"::1","method":"GET","statusCode":500,"url":"/debug-sentry","userAgent":"Mozilla/5.0 (Windows NT 10.0; Win64; x64) AppleWebKit/537.36 (KHTML, like Gecko) Chrome/143.0.0.0 Safari/537.36"},"timestamp":"2026-01-06T23:40:07.733Z"}
{"level":"info","message":{"duration":"0.068ms","middleware":"ResponseTime","type":"middleware_perf"},"timestamp":"2026-01-06T23:41:52.107Z"}
{"level":"info","message":{"duration":"0.061ms","middleware":"Blacklist","type":"middleware_perf"},"timestamp":"2026-01-06T23:41:52.109Z"}
{"level":"info","message":{"duration":"0.091ms","middleware":"Logger","type":"middleware_perf"},"timestamp":"2026-01-06T23:41:52.110Z"}
{"level":"error","message":{"duration":"27.669ms","ip":"::1","method":"GET","statusCode":500,"url":"/debug-sentry","userAgent":"Mozilla/5.0 (Windows NT 10.0; Win64; x64) AppleWebKit/537.36 (KHTML, like Gecko) Chrome/143.0.0.0 Safari/537.36"},"timestamp":"2026-01-06T23:41:52.138Z"}
{"level":"info","message":{"duration":"0.067ms","middleware":"ResponseTime","type":"middleware_perf"},"timestamp":"2026-01-06T23:42:22.203Z"}
{"level":"info","message":{"duration":"0.061ms","middleware":"Blacklist","type":"middleware_perf"},"timestamp":"2026-01-06T23:42:22.206Z"}
{"level":"info","message":{"duration":"0.070ms","middleware":"Logger","type":"middleware_perf"},"timestamp":"2026-01-06T23:42:22.206Z"}
{"level":"error","message":{"duration":"27.777ms","ip":"::1","method":"GET","statusCode":500,"url":"/debug-sentry","userAgent":"Mozilla/5.0 (Windows NT 10.0; Win64; x64) AppleWebKit/537.36 (KHTML, like Gecko) Chrome/143.0.0.0 Safari/537.36"},"timestamp":"2026-01-06T23:42:22.234Z"}
{"level":"info","message":{"duration":"0.023ms","middleware":"ResponseTime","type":"middleware_perf"},"timestamp":"2026-01-06T23:43:06.734Z"}
{"level":"info","message":{"duration":"0.008ms","middleware":"Blacklist","type":"middleware_perf"},"timestamp":"2026-01-06T23:43:06.735Z"}
{"level":"info","message":{"duration":"0.028ms","middleware":"Logger","type":"middleware_perf"},"timestamp":"2026-01-06T23:43:06.737Z"}
{"level":"error","message":{"duration":"7.102ms","ip":"::1","method":"GET","statusCode":500,"url":"/debug-sentry","userAgent":"Mozilla/5.0 (Windows NT 10.0; Win64; x64) AppleWebKit/537.36 (KHTML, like Gecko) Chrome/143.0.0.0 Safari/537.36"},"timestamp":"2026-01-06T23:43:06.744Z"}
{"level":"info","message":{"duration":"0.065ms","middleware":"ResponseTime","type":"middleware_perf"},"timestamp":"2026-01-06T23:43:46.751Z"}
{"level":"info","message":{"duration":"0.054ms","middleware":"Blacklist","type":"middleware_perf"},"timestamp":"2026-01-06T23:43:46.754Z"}
{"level":"info","message":{"duration":"0.077ms","middleware":"Logger","type":"middleware_perf"},"timestamp":"2026-01-06T23:43:46.755Z"}
{"level":"error","message":{"duration":"26.013ms","ip":"::1","method":"GET","statusCode":500,"url":"/debug-sentry","userAgent":"Mozilla/5.0 (Windows NT 10.0; Win64; x64) AppleWebKit/537.36 (KHTML, like Gecko) Chrome/143.0.0.0 Safari/537.36"},"timestamp":"2026-01-06T23:43:46.781Z"}
{"level":"info","message":{"duration":"0.083ms","middleware":"ResponseTime","type":"middleware_perf"},"timestamp":"2026-01-06T23:45:02.505Z"}
{"level":"info","message":{"duration":"0.055ms","middleware":"Blacklist","type":"middleware_perf"},"timestamp":"2026-01-06T23:45:02.508Z"}
{"level":"info","message":{"duration":"0.071ms","middleware":"Logger","type":"middleware_perf"},"timestamp":"2026-01-06T23:45:02.509Z"}
{"level":"error","message":{"duration":"29.201ms","ip":"::1","method":"GET","statusCode":500,"url":"/debug-sentry","userAgent":"Mozilla/5.0 (Windows NT 10.0; Win64; x64) AppleWebKit/537.36 (KHTML, like Gecko) Chrome/143.0.0.0 Safari/537.36"},"timestamp":"2026-01-06T23:45:02.538Z"}
{"level":"info","message":{"duration":"0.100ms","middleware":"ResponseTime","type":"middleware_perf"},"timestamp":"2026-01-06T23:46:19.876Z"}
{"level":"info","message":{"duration":"0.061ms","middleware":"Blacklist","type":"middleware_perf"},"timestamp":"2026-01-06T23:46:19.878Z"}
{"level":"info","message":{"duration":"0.075ms","middleware":"Logger","type":"middleware_perf"},"timestamp":"2026-01-06T23:46:19.879Z"}
{"level":"error","message":{"duration":"33.780ms","ip":"::1","method":"GET","statusCode":500,"url":"/debug-sentry","userAgent":"Mozilla/5.0 (Windows NT 10.0; Win64; x64) AppleWebKit/537.36 (KHTML, like Gecko) Chrome/143.0.0.0 Safari/537.36"},"timestamp":"2026-01-06T23:46:19.913Z"}
{"level":"info","message":{"duration":"0.072ms","middleware":"ResponseTime","type":"middleware_perf"},"timestamp":"2026-01-06T23:47:57.115Z"}
{"level":"info","message":{"duration":"0.055ms","middleware":"Blacklist","type":"middleware_perf"},"timestamp":"2026-01-06T23:47:57.117Z"}
{"level":"info","message":{"duration":"0.083ms","middleware":"Logger","type":"middleware_perf"},"timestamp":"2026-01-06T23:47:57.118Z"}
{"level":"error","message":{"duration":"28.215ms","ip":"::1","method":"GET","statusCode":500,"url":"/debug-sentry","userAgent":"Mozilla/5.0 (Windows NT 10.0; Win64; x64) AppleWebKit/537.36 (KHTML, like Gecko) Chrome/143.0.0.0 Safari/537.36"},"timestamp":"2026-01-06T23:47:57.146Z"}
{"level":"info","message":{"duration":"0.070ms","middleware":"ResponseTime","type":"middleware_perf"},"timestamp":"2026-01-06T23:54:53.030Z"}
{"level":"info","message":{"duration":"0.062ms","middleware":"Blacklist","type":"middleware_perf"},"timestamp":"2026-01-06T23:54:53.032Z"}
{"level":"info","message":{"duration":"0.091ms","middleware":"Logger","type":"middleware_perf"},"timestamp":"2026-01-06T23:54:53.033Z"}
{"level":"error","message":{"duration":"37.488ms","ip":"::1","method":"GET","statusCode":500,"url":"/debug-sentry","userAgent":"Mozilla/5.0 (Windows NT 10.0; Win64; x64) AppleWebKit/537.36 (KHTML, like Gecko) Chrome/143.0.0.0 Safari/537.36"},"timestamp":"2026-01-06T23:54:53.071Z"}
{"level":"info","message":{"duration":"0.072ms","middleware":"ResponseTime","type":"middleware_perf"},"timestamp":"2026-01-06T23:57:11.369Z"}
{"level":"info","message":{"duration":"0.081ms","middleware":"Blacklist","type":"middleware_perf"},"timestamp":"2026-01-06T23:57:11.372Z"}
{"level":"info","message":{"duration":"0.099ms","middleware":"Logger","type":"middleware_perf"},"timestamp":"2026-01-06T23:57:11.373Z"}
{"level":"warn","message":{"duration":"5.794ms","ip":"::1","method":"POST","statusCode":404,"url":"/shorten/bulkf","userAgent":"PostmanRuntime/7.50.0"},"timestamp":"2026-01-06T23:57:11.379Z"}
{"level":"info","message":{"duration":"0.099ms","middleware":"ResponseTime","type":"middleware_perf"},"timestamp":"2026-01-07T00:06:50.235Z"}
{"level":"info","message":{"duration":"0.065ms","middleware":"Blacklist","type":"middleware_perf"},"timestamp":"2026-01-07T00:06:50.238Z"}
{"level":"info","message":{"duration":"0.075ms","middleware":"Logger","type":"middleware_perf"},"timestamp":"2026-01-07T00:06:50.239Z"}
{"extra":{"duration":"4.640ms","ip":"::1","method":"POST","statusCode":404,"url":"/shorten/bulkf","userAgent":"PostmanRuntime/7.50.0"},"level":"warn","message":"HTTP 404: POST /shorten/bulkf","timestamp":"2026-01-07T00:06:50.244Z"}
{"level":"info","message":{"duration":"0.066ms","middleware":"ResponseTime","type":"middleware_perf"},"timestamp":"2026-01-07T00:08:18.194Z"}
{"level":"info","message":{"duration":"0.083ms","middleware":"Blacklist","type":"middleware_perf"},"timestamp":"2026-01-07T00:08:18.197Z"}
{"level":"info","message":{"duration":"0.094ms","middleware":"Logger","type":"middleware_perf"},"timestamp":"2026-01-07T00:08:18.198Z"}
{"extra":{"duration":"6.502ms","ip":"::1","method":"POST","statusCode":404,"url":"/shorten/bulkf","userAgent":"PostmanRuntime/7.50.0"},"level":"warn","message":"HTTP 404: POST /shorten/bulkf","timestamp":"2026-01-07T00:08:18.205Z"}
{"level":"info","message":{"duration":"0.071ms","middleware":"ResponseTime","type":"middleware_perf"},"timestamp":"2026-01-07T00:10:18.219Z"}
{"level":"info","message":{"duration":"0.068ms","middleware":"Blacklist","type":"middleware_perf"},"timestamp":"2026-01-07T00:10:18.221Z"}
{"level":"info","message":{"duration":"0.071ms","middleware":"Logger","type":"middleware_perf"},"timestamp":"2026-01-07T00:10:18.222Z"}
{"extra":{"duration":"4.872ms","ip":"::1","method":"POST","statusCode":404,"url":"/shorten/bulkf","userAgent":"PostmanRuntime/7.50.0"},"level":"warn","message":"HTTP 404: POST /shorten/bulkf","timestamp":"2026-01-07T00:10:18.227Z"}
